android/app/build/intermediates/manifest_merge_blame_file/release/manifest-merger-blame-release-report.txt
1<?xml version="1.0" encoding="utf-8"?>
2<manifest xmlns:android="http://schemas.android.com/apk/res/android"
3    package="com.unsplash"
4    android:versionCode="1"
5    android:versionName="1.0" >
6
7    <uses-sdk
8        android:minSdkVersion="21"
8-->src/main/AndroidManifest.xml
9        android:targetSdkVersion="31" />
9-->src/main/AndroidManifest.xml
10
11    <uses-permission android:name="android.permission.INTERNET" />
11-->src/main/AndroidManifest.xml:3:4-66
11-->src/main/AndroidManifest.xml:3:21-63
12    <uses-permission android:name="android.permission.ACCEPT_HANDOVER" />
12-->src/main/AndroidManifest.xml:4:5-74
12-->src/main/AndroidManifest.xml:4:22-71
13    <uses-permission android:name="android.permission.ACCESS_BACKGROUND_LOCATION" />
13-->src/main/AndroidManifest.xml:5:5-85
13-->src/main/AndroidManifest.xml:5:22-82
14    <uses-permission android:name="android.permission.ACCESS_COARSE_LOCATION" />
14-->src/main/AndroidManifest.xml:6:5-81
14-->src/main/AndroidManifest.xml:6:22-78
15    <uses-permission android:name="android.permission.ACCESS_FINE_LOCATION" />
15-->src/main/AndroidManifest.xml:7:5-79
15-->src/main/AndroidManifest.xml:7:22-76
16    <uses-permission android:name="android.permission.ACTIVITY_RECOGNITION" />
16-->src/main/AndroidManifest.xml:8:5-79
16-->src/main/AndroidManifest.xml:8:22-76
17    <uses-permission android:name="android.permission.ANSWER_PHONE_CALLS" />
17-->src/main/AndroidManifest.xml:9:5-77
17-->src/main/AndroidManifest.xml:9:22-74
18    <uses-permission android:name="android.permission.BODY_SENSORS" />
18-->src/main/AndroidManifest.xml:10:5-71
18-->src/main/AndroidManifest.xml:10:22-68
19    <uses-permission android:name="android.permission.CALL_PHONE" />
19-->src/main/AndroidManifest.xml:11:5-69
19-->src/main/AndroidManifest.xml:11:22-66
20    <uses-permission android:name="android.permission.CAMERA" />
20-->src/main/AndroidManifest.xml:12:5-65
20-->src/main/AndroidManifest.xml:12:22-62
21    <uses-permission android:name="android.permission.GET_ACCOUNTS" />
21-->src/main/AndroidManifest.xml:13:5-71
21-->src/main/AndroidManifest.xml:13:22-68
22    <uses-permission android:name="android.permission.PROCESS_OUTGOING_CALLS" />
22-->src/main/AndroidManifest.xml:14:5-81
22-->src/main/AndroidManifest.xml:14:22-78
23    <uses-permission android:name="android.permission.READ_CALENDAR" />
23-->src/main/AndroidManifest.xml:15:5-72
23-->src/main/AndroidManifest.xml:15:22-69
24    <uses-permission android:name="android.permission.READ_CALL_LOG" />
24-->src/main/AndroidManifest.xml:16:5-72
24-->src/main/AndroidManifest.xml:16:22-69
25    <uses-permission android:name="android.permission.READ_CONTACTS" />
25-->src/main/AndroidManifest.xml:17:5-72
25-->src/main/AndroidManifest.xml:17:22-69
26    <uses-permission android:name="android.permission.READ_EXTERNAL_STORAGE" />
26-->src/main/AndroidManifest.xml:18:5-80
26-->src/main/AndroidManifest.xml:18:22-77
27    <uses-permission android:name="android.permission.READ_PHONE_NUMBERS" />
27-->src/main/AndroidManifest.xml:19:5-77
27-->src/main/AndroidManifest.xml:19:22-74
28    <uses-permission android:name="android.permission.READ_PHONE_STATE" />
28-->src/main/AndroidManifest.xml:20:5-75
28-->src/main/AndroidManifest.xml:20:22-72
29    <uses-permission android:name="android.permission.READ_SMS" />
29-->src/main/AndroidManifest.xml:21:5-67
29-->src/main/AndroidManifest.xml:21:22-64
30    <uses-permission android:name="android.permission.RECEIVE_MMS" />
30-->src/main/AndroidManifest.xml:22:5-70
30-->src/main/AndroidManifest.xml:22:22-67
31    <uses-permission android:name="android.permission.RECEIVE_SMS" />
31-->src/main/AndroidManifest.xml:23:5-70
31-->src/main/AndroidManifest.xml:23:22-67
32    <uses-permission android:name="android.permission.RECEIVE_WAP_PUSH" />
32-->src/main/AndroidManifest.xml:24:5-75
32-->src/main/AndroidManifest.xml:24:22-72
33    <uses-permission android:name="android.permission.RECORD_AUDIO" />
33-->src/main/AndroidManifest.xml:25:5-71
33-->src/main/AndroidManifest.xml:25:22-68
34    <uses-permission android:name="android.permission.SEND_SMS" />
34-->src/main/AndroidManifest.xml:26:5-67
34-->src/main/AndroidManifest.xml:26:22-64
35    <uses-permission android:name="android.permission.USE_SIP" />
35-->src/main/AndroidManifest.xml:27:5-66
35-->src/main/AndroidManifest.xml:27:22-63
36    <uses-permission android:name="android.permission.WRITE_CALENDAR" />
36-->src/main/AndroidManifest.xml:28:5-73
36-->src/main/AndroidManifest.xml:28:22-70
37    <uses-permission android:name="android.permission.WRITE_CALL_LOG" />
37-->src/main/AndroidManifest.xml:29:5-73
37-->src/main/AndroidManifest.xml:29:22-70
38    <uses-permission android:name="android.permission.WRITE_CONTACTS" />
38-->src/main/AndroidManifest.xml:30:5-73
38-->src/main/AndroidManifest.xml:30:22-70
39    <uses-permission android:name="android.permission.WRITE_EXTERNAL_STORAGE" />
39-->src/main/AndroidManifest.xml:31:5-81
39-->src/main/AndroidManifest.xml:31:22-78
40    <uses-permission android:name="android.permission.SYSTEM_ALERT_WINDOW" />
40-->src/main/AndroidManifest.xml:32:5-77
40-->src/main/AndroidManifest.xml:32:22-75
41    <uses-permission android:name="android.permission.DOWNLOAD_WITHOUT_NOTIFICATION" />
41-->src/main/AndroidManifest.xml:33:5-88
41-->src/main/AndroidManifest.xml:33:22-85
42    <uses-permission android:name="android.permission.ACCESS_NETWORK_STATE" />
42-->src/main/AndroidManifest.xml:34:5-79
42-->src/main/AndroidManifest.xml:34:22-76
43    <uses-permission android:name="android.permission.QUERY_ALL_PACKAGES" />
43-->src/main/AndroidManifest.xml:35:5-77
43-->src/main/AndroidManifest.xml:35:22-74
44    <uses-permission android:name="com.android.voicemail.permission.ADD_VOICEMAIL" />
44-->src/main/AndroidManifest.xml:37:5-86
44-->src/main/AndroidManifest.xml:37:22-83
45
46    <queries>
46-->src/main/AndroidManifest.xml:38:2-43:15
47        <intent>
47-->src/main/AndroidManifest.xml:39:8-42:14
48            <action android:name="android.intent.action.VIEW" />
48-->src/main/AndroidManifest.xml:40:9-61
48-->src/main/AndroidManifest.xml:40:17-58
49
50            <data android:mimeType="*/*" />
50-->src/main/AndroidManifest.xml:41:9-40
50-->src/main/AndroidManifest.xml:41:15-37
51        </intent>
52    </queries>
53    <!--
54         Required to keep CPU alive while downloading files
55        (NOT to keep screen awake)
56    -->
57    <uses-permission android:name="android.permission.WAKE_LOCK" /> <!-- Required to check whether Wi-Fi is enabled -->
57-->[:react-native-blob-util] AndroidManifest.xml:16:5-68
57-->[:react-native-blob-util] AndroidManifest.xml:16:22-65
58    <uses-permission android:name="android.permission.ACCESS_WIFI_STATE" />
58-->[:react-native-blob-util] AndroidManifest.xml:25:5-76
58-->[:react-native-blob-util] AndroidManifest.xml:25:22-73
59
60    <application
60-->src/main/AndroidManifest.xml:44:5-66:19
61        android:name="com.unsplash.MainApplication"
61-->src/main/AndroidManifest.xml:45:7-38
62        android:allowBackup="false"
62-->src/main/AndroidManifest.xml:50:7-34
63        android:appComponentFactory="androidx.core.app.CoreComponentFactory"
63-->[androidx.core:core:1.7.0] AndroidManifest.xml:24:18-86
64        android:icon="@mipmap/ic_launcher"
64-->src/main/AndroidManifest.xml:47:7-41
65        android:label="@string/app_name"
65-->src/main/AndroidManifest.xml:46:7-39
66        android:launchMode="singleTop"
66-->src/main/AndroidManifest.xml:48:6-36
67        android:requestLegacyExternalStorage="true"
67-->src/main/AndroidManifest.xml:51:8-51
68        android:roundIcon="@mipmap/ic_launcher_round"
68-->src/main/AndroidManifest.xml:49:7-52
69        android:theme="@style/AppTheme"
69-->src/main/AndroidManifest.xml:53:7-38
70        android:usesCleartextTraffic="true" >
70-->src/main/AndroidManifest.xml:52:8-43
71        <activity
71-->src/main/AndroidManifest.xml:54:7-65:18
72            android:name="com.unsplash.MainActivity"
72-->src/main/AndroidManifest.xml:55:9-37
73            android:configChanges="keyboard|keyboardHidden|orientation|screenLayout|screenSize|smallestScreenSize|uiMode"
73-->src/main/AndroidManifest.xml:57:9-118
74            android:exported="true"
74-->src/main/AndroidManifest.xml:60:9-32
75            android:label="@string/app_name"
75-->src/main/AndroidManifest.xml:56:9-41
76            android:launchMode="singleTask"
76-->src/main/AndroidManifest.xml:58:9-40
77            android:windowSoftInputMode="adjustResize" >
77-->src/main/AndroidManifest.xml:59:9-51
78            <intent-filter>
78-->src/main/AndroidManifest.xml:61:9-64:25
79                <action android:name="android.intent.action.MAIN" />
79-->src/main/AndroidManifest.xml:62:13-65
79-->src/main/AndroidManifest.xml:62:21-62
80
81                <category android:name="android.intent.category.LAUNCHER" />
81-->src/main/AndroidManifest.xml:63:13-73
81-->src/main/AndroidManifest.xml:63:23-70
82            </intent-filter>
83        </activity>
84
85        <provider
85-->[:react-native-blob-util] AndroidManifest.xml:37:9-45:20
86            android:name="com.ReactNativeBlobUtil.Utils.FileProvider"
86-->[:react-native-blob-util] AndroidManifest.xml:38:13-70
87            android:authorities="com.unsplash.provider"
87-->[:react-native-blob-util] AndroidManifest.xml:39:13-60
88            android:exported="false"
88-->[:react-native-blob-util] AndroidManifest.xml:40:13-37
89            android:grantUriPermissions="true" >
89-->[:react-native-blob-util] AndroidManifest.xml:41:13-47
90            <meta-data
90-->[:react-native-blob-util] AndroidManifest.xml:42:13-44:58
91                android:name="android.support.FILE_PROVIDER_PATHS"
91-->[:react-native-blob-util] AndroidManifest.xml:43:17-67
92                android:resource="@xml/provider_paths" />
92-->[:react-native-blob-util] AndroidManifest.xml:44:17-55
93        </provider>
94        <provider
94-->[androidx.emoji2:emoji2:1.0.0] AndroidManifest.xml:26:9-34:20
95            android:name="androidx.startup.InitializationProvider"
95-->[androidx.emoji2:emoji2:1.0.0] AndroidManifest.xml:27:13-67
96            android:authorities="com.unsplash.androidx-startup"
96-->[androidx.emoji2:emoji2:1.0.0] AndroidManifest.xml:28:13-68
97            android:exported="false" >
97-->[androidx.emoji2:emoji2:1.0.0] AndroidManifest.xml:29:13-37
98            <meta-data
98-->[androidx.emoji2:emoji2:1.0.0] AndroidManifest.xml:31:13-33:52
99                android:name="androidx.emoji2.text.EmojiCompatInitializer"
99-->[androidx.emoji2:emoji2:1.0.0] AndroidManifest.xml:32:17-75
100                android:value="androidx.startup" />
100-->[androidx.emoji2:emoji2:1.0.0] AndroidManifest.xml:33:17-49
101            <meta-data
101-->[androidx.lifecycle:lifecycle-process:2.4.0] AndroidManifest.xml:31:13-33:52
102                android:name="androidx.lifecycle.ProcessLifecycleInitializer"
102-->[androidx.lifecycle:lifecycle-process:2.4.0] AndroidManifest.xml:32:17-78
103                android:value="androidx.startup" />
103-->[androidx.lifecycle:lifecycle-process:2.4.0] AndroidManifest.xml:33:17-49
104        </provider>
105    </application>
106
107</manifest>